kotlin version: 2.1.0
error message: org.jetbrains.kotlin.util.FileAnalysisException: While analysing D:/finndot/Finndot/app/src/main/java/com/anomapro/finndot/worker/OptimizedSmsReaderWorker.kt:749:1: java.lang.IllegalStateException: Could not read file: D:/finndot/Finndot/parser-core/build/libs/parser-core-0.1.0-SNAPSHOT.jar!/com/finndot/parser/core/bank/IndusIndBankParser.class; size in bytes: 15255; file type: CLASS
	at org.jetbrains.kotlin.util.AnalysisExceptionsKt.wrapIntoFileAnalysisExceptionIfNeeded(AnalysisExceptions.kt:57)
	at org.jetbrains.kotlin.fir.FirCliExceptionHandler.handleExceptionOnFileAnalysis(Utils.kt:249)
	at org.jetbrains.kotlin.fir.resolve.transformers.body.resolve.FirDeclarationsResolveTransformer.transformFile(FirDeclarationsResolveTransformer.kt:1698)
	at org.jetbrains.kotlin.fir.resolve.transformers.body.resolve.FirAbstractBodyResolveTransformerDispatcher.transformFile(FirAbstractBodyResolveTransformerDispatcher.kt:57)
	at org.jetbrains.kotlin.fir.resolve.transformers.body.resolve.FirAbstractBodyResolveTransformerDispatcher.transformFile(FirAbstractBodyResolveTransformerDispatcher.kt:24)
	at org.jetbrains.kotlin.fir.declarations.FirFile.transform(FirFile.kt:46)
	at org.jetbrains.kotlin.fir.resolve.transformers.body.resolve.FirBodyResolveTransformerAdapter.transformFile(FirBodyResolveTransformerAdapters.kt:41)
	at org.jetbrains.kotlin.fir.declarations.FirFile.transform(FirFile.kt:46)
	at org.jetbrains.kotlin.fir.resolve.transformers.FirTransformerBasedResolveProcessor.processFile(FirResolveProcessor.kt:48)
	at org.jetbrains.kotlin.fir.resolve.transformers.FirTotalResolveProcessor.process(FirTotalResolveProcessor.kt:36)
	at org.jetbrains.kotlin.fir.pipeline.AnalyseKt.runResolution(analyse.kt:24)
	at org.jetbrains.kotlin.fir.pipeline.FirUtilsKt.resolveAndCheckFir(firUtils.kt:76)
	at org.jetbrains.kotlin.fir.pipeline.FirUtilsKt.buildResolveAndCheckFirViaLightTree(firUtils.kt:88)
	at org.jetbrains.kotlin.cli.jvm.compiler.pipeline.JvmCompilerPipelineLightTreeKt.compileModuleToAnalyzedFirViaLightTreeIncrementally(jvmCompilerPipelineLightTree.kt:347)
	at org.jetbrains.kotlin.cli.jvm.compiler.pipeline.JvmCompilerPipelineLightTreeKt.compileModuleToAnalyzedFirViaLightTree(jvmCompilerPipelineLightTree.kt:272)
	at org.jetbrains.kotlin.cli.jvm.compiler.pipeline.JvmCompilerPipelineLightTreeKt.compileModule(jvmCompilerPipelineLightTree.kt:250)
	at org.jetbrains.kotlin.cli.jvm.compiler.pipeline.JvmCompilerPipelineLightTreeKt.compileSingleModuleUsingFrontendIrAndLightTree(jvmCompilerPipelineLightTree.kt:231)
	at org.jetbrains.kotlin.cli.jvm.compiler.pipeline.JvmCompilerPipelineLightTreeKt.compileModulesUsingFrontendIrAndLightTree(jvmCompilerPipelineLightTree.kt:86)
	at org.jetbrains.kotlin.cli.jvm.K2JVMCompiler.doExecute(K2JVMCompiler.kt:146)
	at org.jetbrains.kotlin.cli.jvm.K2JVMCompiler.doExecute(K2JVMCompiler.kt:43)
	at org.jetbrains.kotlin.cli.common.CLICompiler.execImpl(CLICompiler.kt:102)
	at org.jetbrains.kotlin.cli.common.CLICompiler.exec(CLICompiler.kt:316)
	at org.jetbrains.kotlin.incremental.IncrementalJvmCompilerRunner.runCompiler(IncrementalJvmCompilerRunner.kt:464)
	at org.jetbrains.kotlin.incremental.IncrementalJvmCompilerRunner.runCompiler(IncrementalJvmCompilerRunner.kt:73)
	at org.jetbrains.kotlin.incremental.IncrementalCompilerRunner.doCompile(IncrementalCompilerRunner.kt:506)
	at org.jetbrains.kotlin.incremental.IncrementalCompilerRunner.compileImpl(IncrementalCompilerRunner.kt:423)
	at org.jetbrains.kotlin.incremental.IncrementalCompilerRunner.compileNonIncrementally(IncrementalCompilerRunner.kt:301)
	at org.jetbrains.kotlin.incremental.IncrementalCompilerRunner.compile(IncrementalCompilerRunner.kt:129)
	at org.jetbrains.kotlin.daemon.CompileServiceImplBase.execIncrementalCompiler(CompileServiceImpl.kt:674)
	at org.jetbrains.kotlin.daemon.CompileServiceImplBase.access$execIncrementalCompiler(CompileServiceImpl.kt:91)
	at org.jetbrains.kotlin.daemon.CompileServiceImpl.compile(CompileServiceImpl.kt:1659)
	at java.base/jdk.internal.reflect.DirectMethodHandleAccessor.invoke(DirectMethodHandleAccessor.java:103)
	at java.base/java.lang.reflect.Method.invoke(Method.java:580)
	at java.rmi/sun.rmi.server.UnicastServerRef.dispatch(UnicastServerRef.java:360)
	at java.rmi/sun.rmi.transport.Transport$1.run(Transport.java:200)
	at java.rmi/sun.rmi.transport.Transport$1.run(Transport.java:197)
	at java.base/java.security.AccessController.doPrivileged(AccessController.java:714)
	at java.rmi/sun.rmi.transport.Transport.serviceCall(Transport.java:196)
	at java.rmi/sun.rmi.transport.tcp.TCPTransport.handleMessages(TCPTransport.java:598)
	at java.rmi/sun.rmi.transport.tcp.TCPTransport$ConnectionHandler.run0(TCPTransport.java:844)
	at java.rmi/sun.rmi.transport.tcp.TCPTransport$ConnectionHandler.lambda$run$0(TCPTransport.java:721)
	at java.base/java.security.AccessController.doPrivileged(AccessController.java:400)
	at java.rmi/sun.rmi.transport.tcp.TCPTransport$ConnectionHandler.run(TCPTransport.java:720)
	at java.base/java.util.concurrent.ThreadPoolExecutor.runWorker(ThreadPoolExecutor.java:1144)
	at java.base/java.util.concurrent.ThreadPoolExecutor$Worker.run(ThreadPoolExecutor.java:642)
	at java.base/java.lang.Thread.run(Thread.java:1583)
Caused by: java.lang.IllegalStateException: Could not read file: D:/finndot/Finndot/parser-core/build/libs/parser-core-0.1.0-SNAPSHOT.jar!/com/finndot/parser/core/bank/IndusIndBankParser.class; size in bytes: 15255; file type: CLASS
	at org.jetbrains.kotlin.load.kotlin.VirtualFileKotlinClass$Factory.logFileReadingErrorMessage(VirtualFileKotlinClass.kt:77)
	at org.jetbrains.kotlin.load.kotlin.VirtualFileKotlinClass$Factory.create$lambda$3(VirtualFileKotlinClass.kt:68)
	at org.jetbrains.kotlin.util.PerformanceCounter.time(PerformanceCounter.kt:90)
	at org.jetbrains.kotlin.load.kotlin.VirtualFileKotlinClass$Factory.create$frontend_common_jvm(VirtualFileKotlinClass.kt:51)
	at org.jetbrains.kotlin.load.kotlin.KotlinBinaryClassCache$Companion.getKotlinBinaryClassOrClassFileContent$lambda$0(KotlinBinaryClassCache.kt:89)
	at org.jetbrains.kotlin.com.intellij.mock.MockApplication.runReadAction(MockApplication.java:190)
	at org.jetbrains.kotlin.load.kotlin.KotlinBinaryClassCache$Companion.getKotlinBinaryClassOrClassFileContent(KotlinBinaryClassCache.kt:88)
	at org.jetbrains.kotlin.load.kotlin.KotlinBinaryClassCache$Companion.getKotlinBinaryClassOrClassFileContent$default(KotlinBinaryClassCache.kt:72)
	at org.jetbrains.kotlin.load.kotlin.VirtualFileFinder.findKotlinClassOrContent(VirtualFileFinder.kt:37)
	at org.jetbrains.kotlin.fir.java.deserialization.JvmClassFileBasedSymbolProvider.extractClassMetadata(JvmClassFileBasedSymbolProvider.kt:168)
	at org.jetbrains.kotlin.fir.deserialization.AbstractFirDeserializedSymbolProvider.findAndDeserializeClass(AbstractFirDeserializedSymbolProvider.kt:229)
	at org.jetbrains.kotlin.fir.deserialization.AbstractFirDeserializedSymbolProvider.classCache$lambda$5(AbstractFirDeserializedSymbolProvider.kt:163)
	at org.jetbrains.kotlin.fir.caches.FirThreadUnsafeCacheWithPostCompute.getValue(FirThreadUnsafeCachesFactory.kt:58)
	at org.jetbrains.kotlin.fir.deserialization.AbstractFirDeserializedSymbolProvider.getClass(AbstractFirDeserializedSymbolProvider.kt:315)
	at org.jetbrains.kotlin.fir.deserialization.AbstractFirDeserializedSymbolProvider.getClass$default(AbstractFirDeserializedSymbolProvider.kt:298)
	at org.jetbrains.kotlin.fir.deserialization.AbstractFirDeserializedSymbolProvider.getClassLikeSymbolByClassId(AbstractFirDeserializedSymbolProvider.kt:372)
	at org.jetbrains.kotlin.fir.resolve.providers.impl.FirCachingCompositeSymbolProvider.computeClass(FirCachingCompositeSymbolProvider.kt:147)
	at org.jetbrains.kotlin.fir.resolve.providers.impl.FirCachingCompositeSymbolProvider.access$computeClass(FirCachingCompositeSymbolProvider.kt:27)
	at org.jetbrains.kotlin.fir.resolve.providers.impl.FirCachingCompositeSymbolProvider$special$$inlined$createCache$1.invoke(FirCachesFactory.kt:73)
	at org.jetbrains.kotlin.fir.resolve.providers.impl.FirCachingCompositeSymbolProvider$special$$inlined$createCache$1.invoke(FirCachesFactory.kt:71)
	at org.jetbrains.kotlin.fir.caches.FirThreadUnsafeCache.getValue(FirThreadUnsafeCachesFactory.kt:40)
	at org.jetbrains.kotlin.fir.resolve.providers.impl.FirCachingCompositeSymbolProvider.getClassLikeSymbolByClassId(FirCachingCompositeSymbolProvider.kt:174)
	at org.jetbrains.kotlin.fir.scopes.impl.FirAbstractImportingScope.processClassifiersFromImportsByName(FirAbstractImportingScope.kt:61)
	at org.jetbrains.kotlin.fir.scopes.impl.FirAbstractSimpleImportingScope.processClassifiersByNameWithSubstitution(FirAbstractSimpleImportingScope.kt:30)
	at org.jetbrains.kotlin.fir.resolve.providers.impl.FirTypeResolverImpl.resolveUserTypeToSymbol(FirTypeResolverImpl.kt:93)
	at org.jetbrains.kotlin.fir.resolve.providers.impl.FirTypeResolverImpl.resolveType(FirTypeResolverImpl.kt:358)
	at org.jetbrains.kotlin.fir.resolve.transformers.FirSpecificTypeResolverTransformer.resolveType(FirSpecificTypeResolverTransformer.kt:131)
	at org.jetbrains.kotlin.fir.resolve.transformers.FirSpecificTypeResolverTransformer.transformTypeRef(FirSpecificTypeResolverTransformer.kt:92)
	at org.jetbrains.kotlin.fir.resolve.transformers.body.resolve.FirAbstractBodyResolveTransformerDispatcher.transformTypeRef(FirAbstractBodyResolveTransformerDispatcher.kt:88)
	at org.jetbrains.kotlin.fir.resolve.transformers.body.resolve.FirAbstractBodyResolveTransformerDispatcher.transformTypeRef(FirAbstractBodyResolveTransformerDispatcher.kt:24)
	at org.jetbrains.kotlin.fir.visitors.FirDefaultTransformer.transformTypeRefWithNullability(FirDefaultTransformer.kt:31)
	at org.jetbrains.kotlin.fir.visitors.FirDefaultTransformer.transformUserTypeRef(FirDefaultTransformer.kt:43)
	at org.jetbrains.kotlin.fir.types.FirUserTypeRef.transform(FirUserTypeRef.kt:32)
	at org.jetbrains.kotlin.fir.expressions.impl.FirTypeOperatorCallImpl.transformConversionTypeRef(FirTypeOperatorCallImpl.kt:53)
	at org.jetbrains.kotlin.fir.expressions.impl.FirTypeOperatorCallImpl.transformConversionTypeRef(FirTypeOperatorCallImpl.kt:23)
	at org.jetbrains.kotlin.fir.resolve.transformers.body.resolve.FirExpressionsResolveTransformer.transformTypeOperatorCall(FirExpressionsResolveTransformer.kt:1009)
	at org.jetbrains.kotlin.fir.resolve.transformers.body.resolve.FirAbstractBodyResolveTransformerDispatcher.transformTypeOperatorCall(FirAbstractBodyResolveTransformerDispatcher.kt:218)
	at org.jetbrains.kotlin.fir.resolve.transformers.body.resolve.FirAbstractBodyResolveTransformerDispatcher.transformTypeOperatorCall(FirAbstractBodyResolveTransformerDispatcher.kt:24)
	at org.jetbrains.kotlin.fir.expressions.FirTypeOperatorCall.transform(FirTypeOperatorCall.kt:36)
	at org.jetbrains.kotlin.fir.expressions.impl.FirRegularWhenBranch.transformCondition(FirRegularWhenBranch.kt:41)
	at org.jetbrains.kotlin.fir.expressions.impl.FirRegularWhenBranch.transformCondition(FirRegularWhenBranch.kt:20)
	at org.jetbrains.kotlin.fir.resolve.transformers.body.resolve.FirControlFlowStatementsResolveTransformer.transformWhenBranch(FirControlFlowStatementsResolveTransformer.kt:135)
	at org.jetbrains.kotlin.fir.resolve.transformers.body.resolve.FirAbstractBodyResolveTransformerDispatcher.transformWhenBranch(FirAbstractBodyResolveTransformerDispatcher.kt:648)
	at org.jetbrains.kotlin.fir.resolve.transformers.body.resolve.FirAbstractBodyResolveTransformerDispatcher.transformWhenBranch(FirAbstractBodyResolveTransformerDispatcher.kt:24)
	at org.jetbrains.kotlin.fir.expressions.FirWhenBranch.transform(FirWhenBranch.kt:31)
	at org.jetbrains.kotlin.fir.visitors.FirTransformerUtilKt.transformInplace(FirTransformerUtil.kt:20)
	at org.jetbrains.kotlin.fir.expressions.impl.FirWhenExpressionImpl.transformBranches(FirWhenExpressionImpl.kt:79)
	at org.jetbrains.kotlin.fir.expressions.impl.FirWhenExpressionImpl.transformBranches(FirWhenExpressionImpl.kt:24)
	at org.jetbrains.kotlin.fir.resolve.transformers.body.resolve.FirControlFlowStatementsResolveTransformer.transformWhenExpression$lambda$10(FirControlFlowStatementsResolveTransformer.kt:88)
	at org.jetbrains.kotlin.fir.resolve.transformers.body.resolve.BodyResolveContext.withWhenExpression(BodyResolveContext.kt:958)
	at org.jetbrains.kotlin.fir.resolve.transformers.body.resolve.FirControlFlowStatementsResolveTransformer.transformWhenExpression(FirControlFlowStatementsResolveTransformer.kt:66)
	at org.jetbrains.kotlin.fir.resolve.transformers.body.resolve.FirAbstractBodyResolveTransformerDispatcher.transformWhenExpression(FirAbstractBodyResolveTransformerDispatcher.kt:639)
	at org.jetbrains.kotlin.fir.resolve.transformers.body.resolve.FirAbstractBodyResolveTransformerDispatcher.transformWhenExpression(FirAbstractBodyResolveTransformerDispatcher.kt:24)
	at org.jetbrains.kotlin.fir.expressions.FirWhenExpression.transform(FirWhenExpression.kt:39)
	at org.jetbrains.kotlin.fir.expressions.impl.FirReturnExpressionImpl.transformResult(FirReturnExpressionImpl.kt:56)
	at org.jetbrains.kotlin.fir.expressions.impl.FirReturnExpressionImpl.transformChildren(FirReturnExpressionImpl.kt:45)
	at org.jetbrains.kotlin.fir.expressions.impl.FirReturnExpressionImpl.transformChildren(FirReturnExpressionImpl.kt:30)
	at org.jetbrains.kotlin.fir.resolve.transformers.body.resolve.FirExpressionsResolveTransformer.transformExpression(FirExpressionsResolveTransformer.kt:87)
	at org.jetbrains.kotlin.fir.resolve.transformers.body.resolve.FirAbstractBodyResolveTransformerDispatcher.transformExpression(FirAbstractBodyResolveTransformerDispatcher.kt:130)
	at org.jetbrains.kotlin.fir.resolve.transformers.body.resolve.FirControlFlowStatementsResolveTransformer.transformJump(FirControlFlowStatementsResolveTransformer.kt:187)
	at org.jetbrains.kotlin.fir.resolve.transformers.body.resolve.FirControlFlowStatementsResolveTransformer.transformReturnExpression(FirControlFlowStatementsResolveTransformer.kt:208)
	at org.jetbrains.kotlin.fir.resolve.transformers.body.resolve.FirAbstractBodyResolveTransformerDispatcher.transformReturnExpression(FirAbstractBodyResolveTransformerDispatcher.kt:693)
	at org.jetbrains.kotlin.fir.resolve.transformers.body.resolve.FirAbstractBodyResolveTransformerDispatcher.transformReturnExpression(FirAbstractBodyResolveTransformerDispatcher.kt:24)
	at org.jetbrains.kotlin.fir.expressions.FirReturnExpression.transform(FirReturnExpression.kt:35)
	at org.jetbrains.kotlin.fir.expressions.FirExpressionUtilKt.transformStatementsIndexed(FirExpressionUtil.kt:198)
	at org.jetbrains.kotlin.fir.resolve.transformers.body.resolve.FirExpressionsResolveTransformer.transformBlockInCurrentScope$resolve(FirExpressionsResolveTransformer.kt:680)
	at org.jetbrains.kotlin.fir.resolve.transformers.body.resolve.FirExpressionsResolveTransformer.transformBlock(FirExpressionsResolveTransformer.kt:671)
	at org.jetbrains.kotlin.fir.resolve.transformers.body.resolve.FirAbstractBodyResolveTransformerDispatcher.transformBlock(FirAbstractBodyResolveTransformerDispatcher.kt:191)
	at org.jetbrains.kotlin.fir.resolve.transformers.body.resolve.FirAbstractBodyResolveTransformerDispatcher.transformBlock(FirAbstractBodyResolveTransformerDispatcher.kt:24)
	at org.jetbrains.kotlin.fir.expressions.FirBlock.transform(FirBlock.kt:32)
	at org.jetbrains.kotlin.fir.resolve.transformers.body.resolve.FirPartialBodyResolveTransformer.transformElement(FirPartialBodyResolveTransformer.kt:36)
	at org.jetbrains.kotlin.fir.resolve.transformers.body.resolve.FirPartialBodyResolveTransformer.transformElement(FirPartialBodyResolveTransformer.kt:13)
	at org.jetbrains.kotlin.fir.visitors.FirTransformer.transformBlock(FirTransformer.kt:191)
	at org.jetbrains.kotlin.fir.expressions.FirBlock.transform(FirBlock.kt:32)
	at org.jetbrains.kotlin.fir.declarations.impl.FirSimpleFunctionImpl.transformBody(FirSimpleFunctionImpl.kt:109)
	at org.jetbrains.kotlin.fir.declarations.impl.FirSimpleFunctionImpl.transformBody(FirSimpleFunctionImpl.kt:32)
	at org.jetbrains.kotlin.fir.resolve.transformers.body.resolve.FirDeclarationsResolveTransformer.transformFunction(FirDeclarationsResolveTransformer.kt:969)
	at org.jetbrains.kotlin.fir.resolve.transformers.body.resolve.FirDeclarationsResolveTransformer.transformFunctionWithGivenSignature(FirDeclarationsResolveTransformer.kt:919)
	at org.jetbrains.kotlin.fir.resolve.transformers.body.resolve.FirDeclarationsResolveTransformer.access$transformFunctionWithGivenSignature(FirDeclarationsResolveTransformer.kt:58)
	at org.jetbrains.kotlin.fir.resolve.transformers.body.resolve.FirDeclarationsResolveTransformer.transformSimpleFunction$lambda$61$lambda$60$lambda$59(FirDeclarationsResolveTransformer.kt:911)
	at org.jetbrains.kotlin.fir.resolve.transformers.body.resolve.BodyResolveContext.forFunctionBody(BodyResolveContext.kt:1212)
	at org.jetbrains.kotlin.fir.resolve.transformers.body.resolve.FirDeclarationsResolveTransformer.transformSimpleFunction(FirDeclarationsResolveTransformer.kt:909)
	at org.jetbrains.kotlin.fir.resolve.transformers.body.resolve.FirAbstractBodyResolveTransformerDispatcher.transformSimpleFunction(FirAbstractBodyResolveTransformerDispatcher.kt:530)
	at org.jetbrains.kotlin.fir.resolve.transformers.body.resolve.FirAbstractBodyResolveTransformerDispatcher.transformSimpleFunction(FirAbstractBodyResolveTransformerDispatcher.kt:24)
	at org.jetbrains.kotlin.fir.declarations.FirSimpleFunction.transform(FirSimpleFunction.kt:55)
	at org.jetbrains.kotlin.fir.visitors.FirTransformerUtilKt.transformInplace(FirTransformerUtil.kt:20)
	at org.jetbrains.kotlin.fir.declarations.impl.FirRegularClassImpl.transformDeclarations(FirRegularClassImpl.kt:91)
	at org.jetbrains.kotlin.fir.declarations.impl.FirRegularClassImpl.transformChildren(FirRegularClassImpl.kt:73)
	at org.jetbrains.kotlin.fir.declarations.impl.FirRegularClassImpl.transformChildren(FirRegularClassImpl.kt:30)
	at org.jetbrains.kotlin.fir.resolve.transformers.body.resolve.FirAbstractBodyResolveTransformerDispatcher.transformElement(FirAbstractBodyResolveTransformerDispatcher.kt:80)
	at org.jetbrains.kotlin.fir.resolve.transformers.body.resolve.FirAbstractBodyResolveTransformerDispatcher.transformDeclarationContent(FirAbstractBodyResolveTransformerDispatcher.kt:431)
	at org.jetbrains.kotlin.fir.resolve.transformers.body.resolve.FirDeclarationsResolveTransformer.transformDeclarationContent(FirDeclarationsResolveTransformer.kt:78)
	at org.jetbrains.kotlin.fir.resolve.transformers.body.resolve.FirDeclarationsResolveTransformer.doTransformRegularClass$lambda$53(FirDeclarationsResolveTransformer.kt:838)
	at org.jetbrains.kotlin.fir.resolve.transformers.body.resolve.FirDeclarationsResolveTransformer.withRegularClass$lambda$54(FirDeclarationsResolveTransformer.kt:847)
	at org.jetbrains.kotlin.fir.resolve.transformers.body.resolve.BodyResolveContext.withRegularClass$lambda$16$lambda$15(BodyResolveContext.kt:1566)
	at org.jetbrains.kotlin.fir.resolve.transformers.body.resolve.BodyResolveContext.withScopesForClass(BodyResolveContext.kt:540)
	at org.jetbrains.kotlin.fir.resolve.transformers.body.resolve.BodyResolveContext.withRegularClass(BodyResolveContext.kt:438)
	at org.jetbrains.kotlin.fir.resolve.transformers.body.resolve.FirDeclarationsResolveTransformer.withRegularClass(FirDeclarationsResolveTransformer.kt:846)
	at org.jetbrains.kotlin.fir.resolve.transformers.body.resolve.FirDeclarationsResolveTransformer.doTransformRegularClass(FirDeclarationsResolveTransformer.kt:837)
	at org.jetbrains.kotlin.fir.resolve.transformers.body.resolve.FirDeclarationsResolveTransformer.transformRegularClass(FirDeclarationsResolveTransformer.kt:758)
	at org.jetbrains.kotlin.fir.resolve.transformers.body.resolve.FirAbstractBodyResolveTransformerDispatcher.transformRegularClass(FirAbstractBodyResolveTransformerDispatcher.kt:503)
	at org.jetbrains.kotlin.fir.resolve.transformers.body.resolve.FirAbstractBodyResolveTransformerDispatcher.transformRegularClass(FirAbstractBodyResolveTransformerDispatcher.kt:24)
	at org.jetbrains.kotlin.fir.declarations.FirRegularClass.transform(FirRegularClass.kt:52)
	at org.jetbrains.kotlin.fir.visitors.FirTransformerUtilKt.transformInplace(FirTransformerUtil.kt:20)
	at org.jetbrains.kotlin.fir.declarations.impl.FirFileImpl.transformDeclarations(FirFileImpl.kt:80)
	at org.jetbrains.kotlin.fir.declarations.impl.FirFileImpl.transformChildren(FirFileImpl.kt:65)
	at org.jetbrains.kotlin.fir.declarations.impl.FirFileImpl.transformChildren(FirFileImpl.kt:29)
	at org.jetbrains.kotlin.fir.resolve.transformers.body.resolve.FirAbstractBodyResolveTransformerDispatcher.transformElement(FirAbstractBodyResolveTransformerDispatcher.kt:80)
	at org.jetbrains.kotlin.fir.resolve.transformers.body.resolve.FirAbstractBodyResolveTransformerDispatcher.transformDeclarationContent(FirAbstractBodyResolveTransformerDispatcher.kt:431)
	at org.jetbrains.kotlin.fir.resolve.transformers.body.resolve.FirDeclarationsResolveTransformer.transformDeclarationContent(FirDeclarationsResolveTransformer.kt:78)
	at org.jetbrains.kotlin.fir.resolve.transformers.body.resolve.FirDeclarationsResolveTransformer.doTransformFile$lambda$51(FirDeclarationsResolveTransformer.kt:810)
	at org.jetbrains.kotlin.fir.resolve.transformers.body.resolve.FirDeclarationsResolveTransformer.withFile(FirDeclarationsResolveTransformer.kt:823)
	at org.jetbrains.kotlin.fir.resolve.transformers.body.resolve.FirDeclarationsResolveTransformer.doTransformFile(FirDeclarationsResolveTransformer.kt:809)
	at org.jetbrains.kotlin.fir.resolve.transformers.body.resolve.FirDeclarationsResolveTransformer.transformFile(FirDeclarationsResolveTransformer.kt:736)
	... 43 more
Caused by: java.lang.RuntimeException: java.io.FileNotFoundException: D:\finndot\Finndot\parser-core\build\libs\parser-core-0.1.0-SNAPSHOT.jar (The system cannot find the path specified)
	at org.jetbrains.kotlin.com.intellij.util.io.FileAccessorCache.createHandle(FileAccessorCache.java:56)
	at org.jetbrains.kotlin.com.intellij.util.io.FileAccessorCache.get(FileAccessorCache.java:39)
	at org.jetbrains.kotlin.cli.jvm.compiler.jarfs.FastJarHandler.contentsToByteArray(FastJarHandler.kt:112)
	at org.jetbrains.kotlin.cli.jvm.compiler.jarfs.FastJarVirtualFile.contentsToByteArray(FastJarVirtualFile.kt:89)
	at org.jetbrains.kotlin.com.intellij.openapi.vfs.VirtualFile.contentsToByteArray(VirtualFile.java:627)
	at org.jetbrains.kotlin.load.kotlin.VirtualFileKotlinClass$Factory.create$lambda$3(VirtualFileKotlinClass.kt:55)
	... 155 more
Caused by: java.io.FileNotFoundException: D:\finndot\Finndot\parser-core\build\libs\parser-core-0.1.0-SNAPSHOT.jar (The system cannot find the path specified)
	at java.base/java.io.RandomAccessFile.open0(Native Method)
	at java.base/java.io.RandomAccessFile.open(RandomAccessFile.java:356)
	at java.base/java.io.RandomAccessFile.<init>(RandomAccessFile.java:273)
	at java.base/java.io.RandomAccessFile.<init>(RandomAccessFile.java:223)
	at org.jetbrains.kotlin.cli.jvm.compiler.jarfs.FastJarFileSystem$cachedOpenFileHandles$1.createAccessor(FastJarFileSystem.kt:31)
	at org.jetbrains.kotlin.cli.jvm.compiler.jarfs.FastJarFileSystem$cachedOpenFileHandles$1.createAccessor(FastJarFileSystem.kt:28)
	at org.jetbrains.kotlin.com.intellij.util.io.FileAccessorCache.createHandle(FileAccessorCache.java:45)
	... 160 more


